<?xml version="1.0" encoding="UTF-8"?>
<!-- Generated by org.testng.reporters.JUnitXMLReporter -->
<testsuite hostname="DESKTOP-2IF0E66" ignored="0" name="Default test" tests="2" failures="0" timestamp="25 May 2019 12:17:22 GMT" time="0.178" errors="0">
  <testcase name="CC_001_createCompany_Without_Address_Details" time="0.077" classname="tests.comapnies.CreateCompany"/>
  <testcase name="CC_002_createCompany_With_Address_Details" time="0.007" classname="tests.comapnies.CreateCompany"/>
</testsuite> <!-- Default test -->
